[2024-12-30T16:36:34.858] [ERROR] error - TypeError: data is not async iterable
    at createCompletions (C:\AIitem\AIGC-node\controller\zhipuai.js:15:31)
    at process.processTicksAndRejections (node:internal/process/task_queues:95:5)
    at async errorhandler (C:\AIitem\AIGC-node\config\errorhandler.js:5:5)
    at async responseHandler (C:\AIitem\AIGC-node\config\result.js:18:3)
    at async cors (C:\AIitem\AIGC-node\node_modules\@koa\cors\index.js:109:16)
    at async bodyParser (C:\AIitem\AIGC-node\node_modules\koa-bodyparser\index.js:78:5)
[2024-12-30T16:42:51.650] [ERROR] error - TypeError: data is not async iterable
    at createCompletions (C:\AIitem\AIGC-node\controller\zhipuai.js:15:31)
    at process.processTicksAndRejections (node:internal/process/task_queues:95:5)
    at async errorhandler (C:\AIitem\AIGC-node\config\errorhandler.js:5:5)
    at async responseHandler (C:\AIitem\AIGC-node\config\result.js:18:3)
    at async cors (C:\AIitem\AIGC-node\node_modules\@koa\cors\index.js:109:16)
    at async bodyParser (C:\AIitem\AIGC-node\node_modules\koa-bodyparser\index.js:78:5)
[2024-12-30T16:43:24.058] [ERROR] error - TypeError: data is not async iterable
    at createCompletions (C:\AIitem\AIGC-node\controller\zhipuai.js:15:31)
    at process.processTicksAndRejections (node:internal/process/task_queues:95:5)
    at async errorhandler (C:\AIitem\AIGC-node\config\errorhandler.js:5:5)
    at async responseHandler (C:\AIitem\AIGC-node\config\result.js:18:3)
    at async cors (C:\AIitem\AIGC-node\node_modules\@koa\cors\index.js:109:16)
    at async bodyParser (C:\AIitem\AIGC-node\node_modules\koa-bodyparser\index.js:78:5)
[2024-12-30T16:43:58.893] [ERROR] error - TypeError: data is not async iterable
    at createCompletions (C:\AIitem\AIGC-node\controller\zhipuai.js:15:31)
    at process.processTicksAndRejections (node:internal/process/task_queues:95:5)
    at async errorhandler (C:\AIitem\AIGC-node\config\errorhandler.js:5:5)
    at async responseHandler (C:\AIitem\AIGC-node\config\result.js:18:3)
    at async cors (C:\AIitem\AIGC-node\node_modules\@koa\cors\index.js:109:16)
    at async bodyParser (C:\AIitem\AIGC-node\node_modules\koa-bodyparser\index.js:78:5)
[2024-12-30T16:49:30.713] [ERROR] error - TypeError: data is not async iterable
    at createCompletions (C:\AIitem\AIGC-node\controller\zhipuai.js:15:31)
    at process.processTicksAndRejections (node:internal/process/task_queues:95:5)
    at async errorhandler (C:\AIitem\AIGC-node\config\errorhandler.js:5:5)
    at async responseHandler (C:\AIitem\AIGC-node\config\result.js:18:3)
    at async cors (C:\AIitem\AIGC-node\node_modules\@koa\cors\index.js:109:16)
    at async bodyParser (C:\AIitem\AIGC-node\node_modules\koa-bodyparser\index.js:78:5)
[2024-12-30T16:49:45.788] [ERROR] error - TypeError: data is not async iterable
    at createCompletions (C:\AIitem\AIGC-node\controller\zhipuai.js:15:31)
    at process.processTicksAndRejections (node:internal/process/task_queues:95:5)
    at async errorhandler (C:\AIitem\AIGC-node\config\errorhandler.js:5:5)
    at async responseHandler (C:\AIitem\AIGC-node\config\result.js:18:3)
    at async cors (C:\AIitem\AIGC-node\node_modules\@koa\cors\index.js:109:16)
    at async bodyParser (C:\AIitem\AIGC-node\node_modules\koa-bodyparser\index.js:78:5)
[2024-12-30T16:49:59.223] [ERROR] error - TypeError: data is not async iterable
    at createCompletions (C:\AIitem\AIGC-node\controller\zhipuai.js:15:31)
    at process.processTicksAndRejections (node:internal/process/task_queues:95:5)
    at async errorhandler (C:\AIitem\AIGC-node\config\errorhandler.js:5:5)
    at async responseHandler (C:\AIitem\AIGC-node\config\result.js:18:3)
    at async cors (C:\AIitem\AIGC-node\node_modules\@koa\cors\index.js:109:16)
    at async bodyParser (C:\AIitem\AIGC-node\node_modules\koa-bodyparser\index.js:78:5)
[2024-12-30T16:50:17.078] [ERROR] error - TypeError: data is not async iterable
    at createCompletions (C:\AIitem\AIGC-node\controller\zhipuai.js:15:31)
    at process.processTicksAndRejections (node:internal/process/task_queues:95:5)
    at async errorhandler (C:\AIitem\AIGC-node\config\errorhandler.js:5:5)
    at async responseHandler (C:\AIitem\AIGC-node\config\result.js:18:3)
    at async cors (C:\AIitem\AIGC-node\node_modules\@koa\cors\index.js:109:16)
    at async bodyParser (C:\AIitem\AIGC-node\node_modules\koa-bodyparser\index.js:78:5)
