[2025-02-11T13:52:51.370] [ERROR] error - UnauthorizedError: token失效
    at Object.throw (C:\AIitem\AIGC-node\node_modules\koa\lib\context.js:97:11)
    at authority (C:\AIitem\AIGC-node\config\auth.js:17:14)
    at dispatch (C:\AIitem\AIGC-node\node_modules\koa-compose\index.js:42:32)
    at C:\AIitem\AIGC-node\node_modules\@koa\router\lib\router.js:261:18
    at dispatch (C:\AIitem\AIGC-node\node_modules\koa-compose\index.js:42:32)
    at C:\AIitem\AIGC-node\node_modules\koa-compose\index.js:34:12
    at dispatch (C:\AIitem\AIGC-node\node_modules\@koa\router\lib\router.js:266:33)
    at dispatch (C:\AIitem\AIGC-node\node_modules\koa-compose\index.js:42:32)
    at errorhandler (C:\AIitem\AIGC-node\config\errorhandler.js:5:11)
    at dispatch (C:\AIitem\AIGC-node\node_modules\koa-compose\index.js:42:32)
[2025-02-11T13:53:03.091] [ERROR] error - UnauthorizedError: token失效
    at Object.throw (C:\AIitem\AIGC-node\node_modules\koa\lib\context.js:97:11)
    at authority (C:\AIitem\AIGC-node\config\auth.js:17:14)
    at dispatch (C:\AIitem\AIGC-node\node_modules\koa-compose\index.js:42:32)
    at C:\AIitem\AIGC-node\node_modules\@koa\router\lib\router.js:261:18
    at dispatch (C:\AIitem\AIGC-node\node_modules\koa-compose\index.js:42:32)
    at C:\AIitem\AIGC-node\node_modules\koa-compose\index.js:34:12
    at dispatch (C:\AIitem\AIGC-node\node_modules\@koa\router\lib\router.js:266:33)
    at dispatch (C:\AIitem\AIGC-node\node_modules\koa-compose\index.js:42:32)
    at errorhandler (C:\AIitem\AIGC-node\config\errorhandler.js:5:11)
    at dispatch (C:\AIitem\AIGC-node\node_modules\koa-compose\index.js:42:32)
[2025-02-11T13:53:22.279] [ERROR] error - UnauthorizedError: token失效
    at Object.throw (C:\AIitem\AIGC-node\node_modules\koa\lib\context.js:97:11)
    at authority (C:\AIitem\AIGC-node\config\auth.js:17:14)
    at dispatch (C:\AIitem\AIGC-node\node_modules\koa-compose\index.js:42:32)
    at C:\AIitem\AIGC-node\node_modules\@koa\router\lib\router.js:261:18
    at dispatch (C:\AIitem\AIGC-node\node_modules\koa-compose\index.js:42:32)
    at C:\AIitem\AIGC-node\node_modules\koa-compose\index.js:34:12
    at dispatch (C:\AIitem\AIGC-node\node_modules\@koa\router\lib\router.js:266:33)
    at dispatch (C:\AIitem\AIGC-node\node_modules\koa-compose\index.js:42:32)
    at errorhandler (C:\AIitem\AIGC-node\config\errorhandler.js:5:11)
    at dispatch (C:\AIitem\AIGC-node\node_modules\koa-compose\index.js:42:32)
[2025-02-11T13:56:00.936] [ERROR] error - UnauthorizedError: token失效
    at Object.throw (C:\AIitem\AIGC-node\node_modules\koa\lib\context.js:97:11)
    at authority (C:\AIitem\AIGC-node\config\auth.js:17:14)
    at dispatch (C:\AIitem\AIGC-node\node_modules\koa-compose\index.js:42:32)
    at C:\AIitem\AIGC-node\node_modules\@koa\router\lib\router.js:261:18
    at dispatch (C:\AIitem\AIGC-node\node_modules\koa-compose\index.js:42:32)
    at C:\AIitem\AIGC-node\node_modules\koa-compose\index.js:34:12
    at dispatch (C:\AIitem\AIGC-node\node_modules\@koa\router\lib\router.js:266:33)
    at dispatch (C:\AIitem\AIGC-node\node_modules\koa-compose\index.js:42:32)
    at errorhandler (C:\AIitem\AIGC-node\config\errorhandler.js:5:11)
    at dispatch (C:\AIitem\AIGC-node\node_modules\koa-compose\index.js:42:32)
[2025-02-11T14:02:12.326] [ERROR] error - ReferenceError: window is not defined
    at createCompletions (C:\AIitem\AIGC-node\controller\zhipuai.js:18:20)
    at dispatch (C:\AIitem\AIGC-node\node_modules\koa-compose\index.js:42:32)
    at authority (C:\AIitem\AIGC-node\config\auth.js:19:9)
    at dispatch (C:\AIitem\AIGC-node\node_modules\koa-compose\index.js:42:32)
    at C:\AIitem\AIGC-node\node_modules\@koa\router\lib\router.js:261:18
    at dispatch (C:\AIitem\AIGC-node\node_modules\koa-compose\index.js:42:32)
    at C:\AIitem\AIGC-node\node_modules\koa-compose\index.js:34:12
    at dispatch (C:\AIitem\AIGC-node\node_modules\@koa\router\lib\router.js:266:33)
    at dispatch (C:\AIitem\AIGC-node\node_modules\koa-compose\index.js:42:32)
    at errorhandler (C:\AIitem\AIGC-node\config\errorhandler.js:5:11)
[2025-02-11T14:03:59.336] [ERROR] error - ReferenceError: window is not defined
    at createCompletions (C:\AIitem\AIGC-node\controller\zhipuai.js:19:20)
    at dispatch (C:\AIitem\AIGC-node\node_modules\koa-compose\index.js:42:32)
    at authority (C:\AIitem\AIGC-node\config\auth.js:19:9)
    at dispatch (C:\AIitem\AIGC-node\node_modules\koa-compose\index.js:42:32)
    at C:\AIitem\AIGC-node\node_modules\@koa\router\lib\router.js:261:18
    at dispatch (C:\AIitem\AIGC-node\node_modules\koa-compose\index.js:42:32)
    at C:\AIitem\AIGC-node\node_modules\koa-compose\index.js:34:12
    at dispatch (C:\AIitem\AIGC-node\node_modules\@koa\router\lib\router.js:266:33)
    at dispatch (C:\AIitem\AIGC-node\node_modules\koa-compose\index.js:42:32)
    at errorhandler (C:\AIitem\AIGC-node\config\errorhandler.js:5:11)
[2025-02-11T14:04:51.922] [ERROR] error - ReferenceError: window is not defined
    at createCompletions (C:\AIitem\AIGC-node\controller\zhipuai.js:19:20)
    at dispatch (C:\AIitem\AIGC-node\node_modules\koa-compose\index.js:42:32)
    at authority (C:\AIitem\AIGC-node\config\auth.js:19:9)
    at dispatch (C:\AIitem\AIGC-node\node_modules\koa-compose\index.js:42:32)
    at C:\AIitem\AIGC-node\node_modules\@koa\router\lib\router.js:261:18
    at dispatch (C:\AIitem\AIGC-node\node_modules\koa-compose\index.js:42:32)
    at C:\AIitem\AIGC-node\node_modules\koa-compose\index.js:34:12
    at dispatch (C:\AIitem\AIGC-node\node_modules\@koa\router\lib\router.js:266:33)
    at dispatch (C:\AIitem\AIGC-node\node_modules\koa-compose\index.js:42:32)
    at errorhandler (C:\AIitem\AIGC-node\config\errorhandler.js:5:11)
