[2024-12-16T15:41:04.119] [INFO] info - 输出日志：POST /login
[2024-12-16T15:41:27.975] [INFO] info - 输出日志：POST /login
[2024-12-16T15:43:32.801] [INFO] info - 输出日志：POST /login
[2024-12-17T12:23:08.496] [INFO] info - 输出日志：POST /login
[2024-12-17T12:24:01.561] [INFO] info - 输出日志：POST /login
[2024-12-17T13:25:36.875] [INFO] info - 输出日志：POST /login
[2024-12-17T13:30:58.943] [INFO] info - 输出日志：POST /login
[2024-12-17T13:31:19.051] [INFO] info - 输出日志：POST /login
[2024-12-17T13:31:26.383] [INFO] info - 输出日志：POST /login
[2024-12-17T13:31:27.174] [INFO] info - 输出日志：POST /login
[2024-12-17T13:32:43.020] [INFO] info - 输出日志：POST /login
[2024-12-17T13:32:58.814] [INFO] info - 输出日志：POST /login
[2024-12-17T13:34:09.724] [INFO] info - 输出日志：POST /login
[2024-12-17T22:22:24.599] [INFO] info - 输出日志：POST /login
[2024-12-17T23:15:51.508] [INFO] info - 输出日志：POST /login
[2024-12-17T23:23:49.074] [INFO] info - 输出日志：POST /login
[2024-12-17T23:34:16.455] [INFO] info - 输出日志：POST /login
[2024-12-18T12:44:07.850] [INFO] info - 输出日志：GET /
[2024-12-18T12:44:07.992] [INFO] info - 输出日志：GET /favicon.ico
[2024-12-18T12:44:15.077] [INFO] info - 输出日志：GET /login
[2024-12-18T12:44:30.675] [INFO] info - 输出日志：GET /login
[2024-12-18T12:44:31.628] [INFO] info - 输出日志：GET /login
[2024-12-18T12:44:31.851] [INFO] info - 输出日志：GET /login
[2024-12-18T12:44:35.570] [INFO] info - 输出日志：GET /login
[2024-12-18T12:45:02.191] [INFO] info - 输出日志：GET /login
[2024-12-18T12:47:46.764] [INFO] info - 输出日志：GET /
[2024-12-18T12:47:46.881] [INFO] info - 输出日志：GET /favicon.ico
[2024-12-18T19:48:59.476] [INFO] info - 输出日志：GET /
[2024-12-18T19:48:59.487] [INFO] info - 输出日志：GET /login
[2024-12-18T19:48:59.513] [INFO] info - 输出日志：GET /favicon.ico
[2024-12-18T19:54:24.648] [INFO] info - 输出日志：POST /login
[2024-12-18T19:54:55.841] [INFO] info - 输出日志：POST /login
[2024-12-18T19:54:56.401] [INFO] info - 输出日志：POST /login
[2024-12-18T19:54:56.601] [INFO] info - 输出日志：POST /login
[2024-12-18T19:54:56.769] [INFO] info - 输出日志：POST /login
[2024-12-18T19:55:05.130] [INFO] info - 输出日志：POST /login
[2024-12-18T19:55:06.472] [INFO] info - 输出日志：POST /login
[2024-12-18T19:55:07.201] [INFO] info - 输出日志：POST /login
[2024-12-18T19:55:07.697] [INFO] info - 输出日志：POST /login
[2024-12-18T19:55:07.993] [INFO] info - 输出日志：POST /login
[2024-12-18T19:55:08.168] [INFO] info - 输出日志：POST /login
[2024-12-18T19:55:08.345] [INFO] info - 输出日志：POST /login
[2024-12-18T19:55:08.537] [INFO] info - 输出日志：POST /login
[2024-12-18T19:55:08.777] [INFO] info - 输出日志：POST /login
[2024-12-18T19:55:09.017] [INFO] info - 输出日志：POST /login
[2024-12-18T19:57:23.244] [INFO] info - 输出日志：POST /login
[2024-12-18T20:00:17.018] [INFO] info - 输出日志：POST /login
[2024-12-18T20:00:21.682] [INFO] info - 输出日志：POST /login
[2024-12-18T20:02:39.467] [INFO] info - 输出日志：POST /login
[2024-12-18T20:13:51.364] [INFO] info - 输出日志：POST /login
[2024-12-18T20:15:40.323] [INFO] info - 输出日志：POST /login
[2024-12-29T20:11:18.495] [INFO] info - 输出日志：POST /aiCompletions
[2024-12-29T20:27:01.276] [INFO] info - 输出日志：POST /aiCompletions
[2024-12-29T20:34:00.085] [INFO] info - 输出日志：POST /aiCompletions
[2024-12-29T20:36:00.575] [INFO] info - 输出日志：POST /aiCompletions
[2024-12-29T20:36:16.627] [INFO] info - 输出日志：POST /aiCompletions
[2024-12-29T20:42:36.359] [INFO] info - 输出日志：POST /aiCompletions
[2024-12-29T20:42:46.443] [INFO] info - 输出日志：POST /aiCompletions
[2024-12-29T20:43:06.008] [INFO] info - 输出日志：POST /aiCompletions
[2024-12-29T20:43:29.328] [INFO] info - 输出日志：POST /aiCompletions
[2024-12-29T20:43:36.739] [INFO] info - 输出日志：POST /aiCompletions
[2024-12-30T16:32:24.143] [INFO] info - 输出日志：POST /aiCompletions
[2024-12-30T16:34:13.318] [INFO] info - 输出日志：POST /aicompletions
[2024-12-30T16:34:23.699] [INFO] info - 输出日志：POST /aicompletions
[2024-12-30T16:34:42.770] [INFO] info - 输出日志：POST /aicompletions
[2024-12-30T16:35:39.041] [INFO] info - 输出日志：POST /aiCompletions
[2024-12-30T16:36:10.753] [INFO] info - 输出日志：POST /aiCompletions
[2024-12-30T16:40:25.503] [INFO] info - 输出日志：POST /aicompletions
[2024-12-30T16:42:31.882] [INFO] info - 输出日志：POST /aicompletions
[2024-12-30T16:44:25.820] [INFO] info - 输出日志：POST /aicompletions
[2024-12-30T16:45:04.199] [INFO] info - 输出日志：POST /aicompletions
[2024-12-30T16:45:22.234] [INFO] info - 输出日志：POST /aicompletions
[2024-12-30T16:46:09.036] [INFO] info - 输出日志：POST /aicompletions
[2024-12-30T16:47:02.298] [INFO] info - 输出日志：POST /aicompletions
[2024-12-30T16:50:41.741] [INFO] info - 输出日志：POST /aicompletions
[2024-12-30T16:52:03.899] [INFO] info - 输出日志：POST /aicompletions
[2024-12-30T16:52:22.915] [INFO] info - 输出日志：POST /aiCompletions
[2024-12-30T16:53:29.461] [INFO] info - 输出日志：POST /aicompletions
[2025-01-09T01:09:57.594] [INFO] info - 输出日志：GET /
[2025-01-09T01:09:57.614] [INFO] info - 输出日志：GET /favicon.ico
[2025-01-09T01:11:18.940] [INFO] info - 输出日志：GET /login
[2025-01-09T01:11:37.100] [INFO] info - 输出日志：GET /aicompletions
